<testsuite tests="97">
  <testcase classname="DocSourceAdminControllerTest" name="setupTestData" time="71" />
  <testcase classname="DocSourceAdminControllerTest" name="testDeleteDocSource" time="1003" />
  <testcase classname="DocSourceAdminControllerTest" name="testEnsureCredential_BlankCredentialName" time="11" />
  <testcase classname="DocSourceAdminControllerTest" name="testEnsureCredential_Success" time="14" />
  <testcase classname="DocSourceAdminControllerTest" name="testGetBranchesForCredential" time="18" />
  <testcase classname="DocSourceAdminControllerTest" name="testGetBranchesWithToken" time="12" />
  <testcase classname="DocSourceAdminControllerTest" name="testGetDocSources" time="23" />
  <testcase classname="DocSourceAdminControllerTest" name="testGetRepositoriesForCredential" time="13" />
  <testcase classname="DocSourceAdminControllerTest" name="testGetRepositoriesWithToken" time="13" />
  <testcase classname="DocSourceAdminControllerTest" name="testSaveCredentialToken_BlankValues" time="12" />
  <testcase classname="DocSourceAdminControllerTest" name="testSaveCredentialToken_Success" time="12" />
  <testcase classname="DocSourceAdminControllerTest" name="testSaveDocSourceWithToken" time="42" />
  <testcase classname="DocSourceAdminControllerTest" name="testSaveDocSource_Create" time="40" />
  <testcase classname="DocSourceAdminControllerTest" name="testSaveDocSource_Update" time="58" />
  <testcase classname="DocSourceAdminControllerTest" name="testTestCredential_BlankCredentialName" time="11" />
  <testcase classname="DocSourceAdminControllerTest" name="testTestCredential_Success" time="13" />
  <testcase classname="DocSourceAdminControllerTest" name="testValidateDocSource_MissingCredential" time="11" />
  <testcase classname="DocSourceAdminControllerTest" name="testValidateDocSource_Success" time="12" />
  <testcase classname="DocSourceAdminControllerTest" name="testValidateDocSource_UnsupportedProvider" time="12" />
  <testcase classname="DocSourceAdminControllerTest" name="testWrapperClasses" time="9" />
  <testcase classname="ExternalCredentialServiceTest" name="testCreateExternalCredential_NotInTestContext" time="30" />
  <testcase classname="ExternalCredentialServiceTest" name="testCredentialException" time="6" />
  <testcase classname="ExternalCredentialServiceTest" name="testGetCredentialValue" time="6" />
  <testcase classname="ExternalCredentialServiceTest" name="testGetCredentialValue_NotFound" time="6" />
  <testcase classname="ExternalCredentialServiceTest" name="testGetExternalCredential_NotInTestContext" time="8" />
  <testcase classname="ExternalCredentialServiceTest" name="testGetPAT_DefaultPrincipal" time="6" />
  <testcase classname="ExternalCredentialServiceTest" name="testGetPAT_WithTestOverride" time="6" />
  <testcase classname="ExternalCredentialServiceTest" name="testHasCredentials_False" time="6" />
  <testcase classname="ExternalCredentialServiceTest" name="testHasCredentials_True" time="6" />
  <testcase classname="ExternalCredentialServiceTest" name="testHasPAT_DefaultPrincipal" time="6" />
  <testcase classname="ExternalCredentialServiceTest" name="testHasPAT_False" time="6" />
  <testcase classname="ExternalCredentialServiceTest" name="testHasPAT_True" time="6" />
  <testcase classname="ExternalCredentialServiceTest" name="testSetCredentialValues" time="6" />
  <testcase classname="ExternalCredentialServiceTest" name="testSetOAuthClientCredentials" time="7" />
  <testcase classname="ExternalCredentialServiceTest" name="testSetPAT" time="6" />
  <testcase classname="ExternalCredentialServiceTest" name="testSetPAT_DefaultPrincipal" time="6" />
  <testcase classname="GitHubControllerTest" name="setupTestData" time="139" />
  <testcase classname="GitHubControllerTest" name="testGetAllConfigurations" time="37" />
  <testcase classname="GitHubControllerTest" name="testGetBranches" time="16" />
  <testcase classname="GitHubControllerTest" name="testGetConfigurationByApp_Blank" time="11" />
  <testcase classname="GitHubControllerTest" name="testGetConfigurationByApp_InactiveFiltered" time="26" />
  <testcase classname="GitHubControllerTest" name="testGetConfigurationByApp_Invalid" time="34" />
  <testcase classname="GitHubControllerTest" name="testGetConfigurationByApp_Valid" time="26" />
  <testcase classname="GitHubControllerTest" name="testGetContentTree" time="13" />
  <testcase classname="GitHubControllerTest" name="testGetDirectoryContents" time="12" />
  <testcase classname="GitHubControllerTest" name="testGetDocsContentByApp_InvalidApp" time="31" />
  <testcase classname="GitHubControllerTest" name="testGetDocsContentByApp_Valid" time="27" />
  <testcase classname="GitHubControllerTest" name="testGetMarkdownContent" time="12" />
  <testcase classname="GitHubControllerTest" name="testGetReleases" time="12" />
  <testcase classname="GitHubControllerTest" name="testGetRepositories" time="12" />
  <testcase classname="GitHubControllerTest" name="testGetRepositories_Error" time="13" />
  <testcase classname="GitHubControllerTest" name="testGetTags" time="11" />
  <testcase classname="GitHubControllerTest" name="testGetVersionOptionsByApp" time="25" />
  <testcase classname="GitHubControllerTest" name="testGetVersionOptionsByApp_InvalidApp" time="30" />
  <testcase classname="GitHubControllerTest" name="testWrapperClasses" time="10" />
  <testcase classname="GitHubServiceTest" name="testFilterMarkdownFiles" time="24" />
  <testcase classname="GitHubServiceTest" name="testFilterTreeByPath" time="5" />
  <testcase classname="GitHubServiceTest" name="testGetBranches" time="8" />
  <testcase classname="GitHubServiceTest" name="testGetBranchesWithToken" time="6" />
  <testcase classname="GitHubServiceTest" name="testGetBranchesWithToken_BlankToken" time="6" />
  <testcase classname="GitHubServiceTest" name="testGetContents_Directory" time="6" />
  <testcase classname="GitHubServiceTest" name="testGetContents_SingleFile" time="5" />
  <testcase classname="GitHubServiceTest" name="testGetFileContent" time="6" />
  <testcase classname="GitHubServiceTest" name="testGetReleases" time="7" />
  <testcase classname="GitHubServiceTest" name="testGetTags" time="7" />
  <testcase classname="GitHubServiceTest" name="testGetTree" time="6" />
  <testcase classname="GitHubServiceTest" name="testGitHubException" time="5" />
  <testcase classname="GitHubServiceTest" name="testIsConfigured_False" time="8" />
  <testcase classname="GitHubServiceTest" name="testIsConfigured_True" time="5" />
  <testcase classname="GitHubServiceTest" name="testListRepositories" time="7" />
  <testcase classname="GitHubServiceTest" name="testListRepositories_Error" time="5" />
  <testcase classname="GitHubServiceTest" name="testSetAccessToken" time="4" />
  <testcase classname="GitHubServiceTest" name="testSetAccessToken_Blank" time="5" />
  <testcase classname="GitHubServiceTest" name="testTestTokenDirectly" time="5" />
  <testcase classname="GitHubServiceTest" name="testTestTokenDirectly_BlankToken" time="5" />
  <testcase classname="GitHubServiceTest" name="testTestTokenDirectly_Error" time="5" />
  <testcase classname="OAuthClientCredentialsServiceTest" name="testAuthException" time="21" />
  <testcase classname="OAuthClientCredentialsServiceTest" name="testAuthException_Chained" time="5" />
  <testcase classname="OAuthClientCredentialsServiceTest" name="testGetAccessToken_AdditionalParams_WithTestOverride" time="4" />
  <testcase classname="OAuthClientCredentialsServiceTest" name="testGetAccessToken_BlankExternalCredential" time="5" />
  <testcase classname="OAuthClientCredentialsServiceTest" name="testGetAccessToken_BlankTokenUrl" time="5" />
  <testcase classname="OAuthClientCredentialsServiceTest" name="testGetAccessToken_CustomPrincipal_WithTestOverride" time="5" />
  <testcase classname="OAuthClientCredentialsServiceTest" name="testGetAccessToken_NoOverride_ConnectApiException" time="6" />
  <testcase classname="OAuthClientCredentialsServiceTest" name="testGetAccessToken_WithTestOverride" time="4" />
  <testcase classname="PermissionCheckerTest" name="testHasCustomPermission" time="24" />
  <testcase classname="PermissionCheckerTest" name="testHasFieldAccess" time="92" />
  <testcase classname="PermissionCheckerTest" name="testHasObjectAccess" time="5" />
  <testcase classname="PermissionCheckerTest" name="testHasPermission" time="9" />
  <testcase classname="PermissionCheckerTest" name="testHasPermissionSet" time="586" />
  <testcase classname="PermissionCheckerTest" name="testHasProfile" time="37" />
  <testcase classname="StaticResourceTreeTest" name="setupTestData" time="30" />
  <testcase classname="StaticResourceTreeTest" name="testGetFileContent" time="173" />
  <testcase classname="StaticResourceTreeTest" name="testGetFileContentNonExistentFile" time="60" />
  <testcase classname="StaticResourceTreeTest" name="testGetTree" time="54" />
  <testcase classname="StaticResourceTreeTest" name="testGetTreeAsJson" time="56" />
  <testcase classname="StaticResourceTreeTest" name="testGetTreeNonExistentResource" time="7" />
  <testcase classname="StaticResourceTreeTest" name="testTreeStructure" time="52" />
</testsuite>